[0.113s] Invoking command in '/home/mechatronics/master/Mechatronics-2023/ros2_ws/build/can2ros_driver': CMAKE_PREFIX_PATH=${CMAKE_PREFIX_PATH}:/home/mechatronics/master/Mechatronics-2023/ros2_ws/install/zed_vision_node:/home/mechatronics/master/Mechatronics-2023/ros2_ws/install/ahrs_node:/home/mechatronics/junebug_workspace/install/zed_temp:/home/mechatronics/junebug_workspace/install/zed_imu2:/home/mechatronics/junebug_workspace/install/zed_imu:/home/mechatronics/junebug_workspace/install/top_view_package:/home/mechatronics/junebug_workspace/install/py_pubsub:/home/mechatronics/junebug_workspace/install/object_detection_package:/home/mechatronics/junebug_workspace/install/mapping_package:/home/mechatronics/junebug_workspace/install/depth_package:/home/mechatronics/junebug_workspace/install/controller_translator:/home/mechatronics/junebug_workspace/install/cam_track_package:/home/mechatronics/junebug_workspace/install/body_track_package:/home/mechatronics/junebug_workspace/install/ahr:/opt/ros/foxy /usr/bin/cmake --build /home/mechatronics/master/Mechatronics-2023/ros2_ws/build/can2ros_driver -- -j12 -l12
[0.225s] [ 20%] [32m[1mLinking CXX executable can2ros_driver[0m
[0.516s] /usr/bin/ld: CMakeFiles/can2ros_driver.dir/src/can_send_service.cpp.o: in function `rclcpp::Service<scion_types::srv::SendFrame>::Service(std::shared_ptr<rcl_node_t>, std::__cxx11::basic_string<char, std::char_traits<char>, std::allocator<char> > const&, rclcpp::AnyServiceCallback<scion_types::srv::SendFrame>, rcl_service_options_t&)':
[0.517s] can_send_service.cpp:(.text._ZN6rclcpp7ServiceIN11scion_types3srv9SendFrameEEC2ESt10shared_ptrI10rcl_node_tERKNSt7__cxx1112basic_stringIcSt11char_traitsIcESaIcEEENS_18AnyServiceCallbackIS3_EER21rcl_service_options_t[_ZN6rclcpp7ServiceIN11scion_types3srv9SendFrameEEC5ESt10shared_ptrI10rcl_node_tERKNSt7__cxx1112basic_stringIcSt11char_traitsIcESaIcEEENS_18AnyServiceCallbackIS3_EER21rcl_service_options_t]+0x7c): undefined reference to `rosidl_service_type_support_t const* rosidl_typesupport_cpp::get_service_type_support_handle<scion_types::srv::SendFrame>()'
[0.517s] collect2: error: ld returned 1 exit status
[0.518s] make[2]: *** [CMakeFiles/can2ros_driver.dir/build.make:181: can2ros_driver] Error 1
[0.518s] make[1]: *** [CMakeFiles/Makefile2:78: CMakeFiles/can2ros_driver.dir/all] Error 2
[0.518s] make: *** [Makefile:141: all] Error 2
[0.536s] Invoked command in '/home/mechatronics/master/Mechatronics-2023/ros2_ws/build/can2ros_driver' returned '2': CMAKE_PREFIX_PATH=${CMAKE_PREFIX_PATH}:/home/mechatronics/master/Mechatronics-2023/ros2_ws/install/zed_vision_node:/home/mechatronics/master/Mechatronics-2023/ros2_ws/install/ahrs_node:/home/mechatronics/junebug_workspace/install/zed_temp:/home/mechatronics/junebug_workspace/install/zed_imu2:/home/mechatronics/junebug_workspace/install/zed_imu:/home/mechatronics/junebug_workspace/install/top_view_package:/home/mechatronics/junebug_workspace/install/py_pubsub:/home/mechatronics/junebug_workspace/install/object_detection_package:/home/mechatronics/junebug_workspace/install/mapping_package:/home/mechatronics/junebug_workspace/install/depth_package:/home/mechatronics/junebug_workspace/install/controller_translator:/home/mechatronics/junebug_workspace/install/cam_track_package:/home/mechatronics/junebug_workspace/install/body_track_package:/home/mechatronics/junebug_workspace/install/ahr:/opt/ros/foxy /usr/bin/cmake --build /home/mechatronics/master/Mechatronics-2023/ros2_ws/build/can2ros_driver -- -j12 -l12
