-- Found ament_cmake: 0.9.11 (/opt/ros/foxy/share/ament_cmake/cmake)
-- Using PYTHON_EXECUTABLE: /usr/bin/python3
-- Found rclcpp: 2.4.2 (/opt/ros/foxy/share/rclcpp/cmake)
-- Using all available rosidl_typesupport_c: rosidl_typesupport_fastrtps_c;rosidl_typesupport_introspection_c
-- Found rosidl_adapter: 1.3.0 (/opt/ros/foxy/share/rosidl_adapter/cmake)
-- Using all available rosidl_typesupport_cpp: rosidl_typesupport_fastrtps_cpp;rosidl_typesupport_introspection_cpp
-- Found rmw_implementation_cmake: 1.0.3 (/opt/ros/foxy/share/rmw_implementation_cmake/cmake)
-- Using RMW implementation 'rmw_fastrtps_cpp' as default
-- Found scion_types: 0.0.0 (/home/mechatronics/master/Mechatronics-2023/ros2_ws/install/scion_types/share/scion_types/cmake)
-- Configuring done
-- Generating done
-- Build files have been written to: /home/mechatronics/master/Mechatronics-2023/ros2_ws/build/can2ros_driver
[ 20%] [32m[1mLinking CXX executable can2ros_driver[0m
/usr/bin/ld: CMakeFiles/can2ros_driver.dir/src/can_send_service.cpp.o: in function `rclcpp::Service<scion_types::srv::SendFrame>::Service(std::shared_ptr<rcl_node_t>, std::__cxx11::basic_string<char, std::char_traits<char>, std::allocator<char> > const&, rclcpp::AnyServiceCallback<scion_types::srv::SendFrame>, rcl_service_options_t&)':
can_send_service.cpp:(.text._ZN6rclcpp7ServiceIN11scion_types3srv9SendFrameEEC2ESt10shared_ptrI10rcl_node_tERKNSt7__cxx1112basic_stringIcSt11char_traitsIcESaIcEEENS_18AnyServiceCallbackIS3_EER21rcl_service_options_t[_ZN6rclcpp7ServiceIN11scion_types3srv9SendFrameEEC5ESt10shared_ptrI10rcl_node_tERKNSt7__cxx1112basic_stringIcSt11char_traitsIcESaIcEEENS_18AnyServiceCallbackIS3_EER21rcl_service_options_t]+0x7c): undefined reference to `rosidl_service_type_support_t const* rosidl_typesupport_cpp::get_service_type_support_handle<scion_types::srv::SendFrame>()'
collect2: error: ld returned 1 exit status
make[2]: *** [CMakeFiles/can2ros_driver.dir/build.make:181: can2ros_driver] Error 1
make[1]: *** [CMakeFiles/Makefile2:78: CMakeFiles/can2ros_driver.dir/all] Error 2
make: *** [Makefile:141: all] Error 2
